ipython

old = [
    "acazuc",
    "adacher",
    "adzikovs",
    "afeuerst",
    "alhelson",
    "amalkevy",
    "amansour",
    "amerelo",
    "anjansse",
    "azaliaus",
    "banthony",
    "bbrunell",
    "bchanot",
    "bdurst",
    "bjanik",
    "blefeuvr",
    "chaueur",
    "cledant",
    "cmaxime",
    "cpieri",
    "ctrouill",
    "curquiza",
    "cwu",
    "dcooray",
    "dengstra",
    "dgameiro",
    "dlaurent",
    "emandret",
    "fbonhomm",
    "fdeclerc",
    "fdel-car",
    "fle-roy",
    "flevesqu",
    "fmaury",
    "fperruch",
    "gbradel",
    "ggregoir",
    "gguichar",
    "glegendr",
    "gmonnier",
    "gpouyat",
    "hanguelk",
    "hben-yah",
    "hdebard",
    "heynard",
    "hhabbak",
    "hjeannin",
    "hmoussa",
    "hnam",
    "hshakula",
    "jbouille",
    "jcamhi",
    "jcao",
    "jcarra",
    "jchedal-",
    "jdavin",
    "jgiraude",
    "jinpark",
    "jjourdai",
    "jle-mene",
    "jlobjois",
    "jmbomeyo",
    "jplevy",
    "jpriou",
    "jquenel",
    "jterrazz",
    "jtranchi",
    "juspende",
    "jwalsh",
    "jyakdi",
    "jye",
    "kbensado",
    "kcosta",
    "kevazoul",
    "kvignau",
    "lbarthon",
    "ldedier",
    "lfourque",
    "lgarczyn",
    "ljoly",
    "lkaser",
    "lomeress",
    "lsimon",
    "magouin",
    "mdeville",
    "mdugot",
    "mfolsche",
    "mnguyen",
    "mpinson",
    "mprevot",
    "mrajaona",
    "mverdier",
    "nboulaye",
    "nbrucker",
    "ndombre",
    "ndudnicz",
    "niragne",
    "notraore",
    "nsikora",
    "pabril",
    "ravard",
    "rdavid",
    "rqueverd",
    "ryaoi",
    "sapark",
    "semartin",
    "sjimenez",
    "svelhinh",
    "svilau",
    "tbehra",
    "tferrari",
    "tgros",
    "tlovato",
    "vdarmaya",
    "vifonne",
    "vklaouse",
    "vsteffen",
    "vtonizzo",
    "zweng"
]

new = [
    "abassibe",
    "acauchy",
    "acazuc",
    "adacher",
    "adzikovs",
    "afeuerst",
    "alhelson",
    "amansour",
    "amerelo",
    "anjansse",
    "azaliaus",
    "banthony",
    "bbrunell",
    "bchanot",
    "bdurst",
    "bjanik",
    "blefeuvr",
    "bteissei",
    "cchameyr",
    "chaueur",
    "cledant",
    "cmaxime",
    "cpieri",
    "ctrouill",
    "curquiza",
    "cwu",
    "cyhuet",
    "dcooray",
    "dengstra",
    "dgameiro",
    "dlaurent",
    "ebenaiss",
    "emandret",
    "fbonhomm",
    "fdeclerc",
    "fdel-car",
    "fle-roy",
    "flevesqu",
    "florenzo",
    "fmaury",
    "fperruch",
    "fpetras",
    "gbradel",
    "gdelabro",
    "gficara",
    "ggranjon",
    "ggregoir",
    "gguichar",
    "glegendr",
    "gmonnier",
    "gpouyat",
    "hanguelk",
    "hben-yah",
    "hbouillo",
    "hdebard",
    "heynard",
    "hhabbak",
    "hjeannin",
    "hmoussa",
    "hshakula",
    "jbouille",
    "jcamhi",
    "jcao",
    "jcarra",
    "jchedal-",
    "jdavin",
    "jgiraude",
    "jjourdai",
    "jle-mene",
    "jlobjois",
    "jmbomeyo",
    "jplevy",
    "jpriou",
    "jquenel",
    "jterrazz",
    "jtranchi",
    "juspende",
    "jwalsh",
    "jyakdi",
    "jye",
    "kbensado",
    "kcosta",
    "kevazoul",
    "kvignau",
    "lbarthon",
    "lbougero",
    "ldedier",
    "lfourque",
    "lgarczyn",
    "lgiacalo",
    "ljoly",
    "lkaser",
    "lomeress",
    "lsimon",
    "magouin",
    "mdeville",
    "mdugot",
    "mfolsche",
    "mguerrea",
    "mnguyen",
    "mpinson",
    "mrajaona",
    "mverdier",
    "nboulaye",
    "nbrucker",
    "ndombre",
    "ndudnicz",
    "niragne",
    "notraore",
    "nsikora",
    "pabril",
    "pguillie",
    "ravard",
    "rdavid",
    "roster",
    "rqueverd",
    "ryaoi",
    "semartin",
    "sjimenez",
    "srossi",
    "svelhinh",
    "svilau",
    "tbehra",
    "tferrari",
    "tgros",
    "tlovato",
    "vdarmaya",
    "vifonne",
    "vklaouse",
    "vsteffen",
    "vtonizzo",
    "wta",
    "zweng"
]

In [3]: [x for x in old if x not in new]                                                                                             
Out[3]: ['amalkevy', 'hnam', 'jinpark', 'mprevot', 'sapark']

In [4]: [x for x in new if x not in old]                                                                                             
Out[4]: 
['abassibe',
 'acauchy',
 'bteissei',
 'cchameyr',
 'cyhuet',
 'ebenaiss',
 'florenzo',
 'fpetras',
 'gdelabro',
 'gficara',
 'ggranjon',
 'hbouillo',
 'lbougero',
 'lgiacalo',
 'mguerrea',
 'pguillie',
 'roster',
 'srossi',
 'wta']

In [5]: len(new)                                                                                                                     
Out[5]: 133

In [6]: len(old)                                                                                                                     
Out[6]: 119


-> 138 students validated ft_ssl_md5 in Paris campus, all cursus combined
