python3 42api.py /v2/projects/1451/projects_users /v2/campus/1/users > logs/new_md5.log
[
    [
        "abassibe",
        21537
    ],
    [
        "acakste",
        33469
    ],
    [
        "acauchy",
        15703
    ],
    [
        "acazuc",
        15638
    ],
    [
        "adacher",
        11070
    ],
    [
        "adzikovs",
        23185
    ],
    [
        "aezzeddi",
        23670
    ],
    [
        "afeuerst",
        20091
    ],
    [
        "akharrou",
        33479
    ],
    [
        "alhelson",
        20169
    ],
    [
        "amansour",
        17284
    ],
    [
        "amatthys",
        29655
    ],
    [
        "amerelo",
        12045
    ],
    [
        "anjansse",
        36736
    ],
    [
        "apetrech",
        35145
    ],
    [
        "apuel",
        30248
    ],
    [
        "awindham",
        36785
    ],
    [
        "azaliaus",
        33027
    ],
    [
        "banthony",
        15885
    ],
    [
        "bbrunell",
        16944
    ],
    [
        "bchanot",
        15591
    ],
    [
        "bdurst",
        12307
    ],
    [
        "bjanik",
        20098
    ],
    [
        "blefeuvr",
        27012
    ],
    [
        "bogoncha",
        46276
    ],
    [
        "bpierce",
        23679
    ],
    [
        "bteissei",
        24367
    ],
    [
        "bvilla",
        36409
    ],
    [
        "callen",
        40857
    ],
    [
        "cchameyr",
        15681
    ],
    [
        "cepalle",
        29766
    ],
    [
        "cfranco",
        31154
    ],
    [
        "chaueur",
        12209
    ],
    [
        "cledant",
        16453
    ],
    [
        "cmaxime",
        27087
    ],
    [
        "cpieri",
        27035
    ],
    [
        "csinglet",
        32547
    ],
    [
        "ctrouill",
        26073
    ],
    [
        "curquiza",
        20819
    ],
    [
        "cwu",
        32524
    ],
    [
        "cyhuet",
        37427
    ],
    [
        "dcooray",
        18573
    ],
    [
        "dengstra",
        24362
    ],
    [
        "dgameiro",
        17215
    ],
    [
        "dlaurent",
        27020
    ],
    [
        "dromansk",
        35079
    ],
    [
        "ebenaiss",
        18823
    ],
    [
        "efriedma",
        31819
    ],
    [
        "emamenko",
        46252
    ],
    [
        "emandret",
        21783
    ],
    [
        "fbonhomm",
        12323
    ],
    [
        "fdeclerc",
        21741
    ],
    [
        "fdel-car",
        15588
    ],
    [
        "feedme",
        32361
    ],
    [
        "fle-roy",
        28701
    ],
    [
        "flevesqu",
        14763
    ],
    [
        "florenzo",
        26345
    ],
    [
        "fmaury",
        19063
    ],
    [
        "fperruch",
        11879
    ],
    [
        "fpetras",
        27301
    ],
    [
        "gbradel",
        19178
    ],
    [
        "gdaniel",
        43356
    ],
    [
        "gdelabro",
        19605
    ],
    [
        "gficara",
        20192
    ],
    [
        "gfielder",
        44918
    ],
    [
        "ggranjon",
        29642
    ],
    [
        "ggregoir",
        19195
    ],
    [
        "gguichar",
        38062
    ],
    [
        "glegendr",
        27429
    ],
    [
        "gmonnier",
        27195
    ],
    [
        "gpouyat",
        18835
    ],
    [
        "hanguelk",
        20206
    ],
    [
        "hben-yah",
        33346
    ],
    [
        "hbouillo",
        28651
    ],
    [
        "hdebard",
        14912
    ],
    [
        "heynard",
        11627
    ],
    [
        "hhabbak",
        18652
    ],
    [
        "hjeannin",
        10167
    ],
    [
        "hmiyake",
        25310
    ],
    [
        "hmoussa",
        16485
    ],
    [
        "hshakula",
        22480
    ],
    [
        "hypark",
        35063
    ],
    [
        "ikozlov",
        24435
    ],
    [
        "jbeall",
        35108
    ],
    [
        "jbouille",
        15501
    ],
    [
        "jcamhi",
        14949
    ],
    [
        "jcao",
        15854
    ],
    [
        "jcarra",
        19023
    ],
    [
        "jchedal-",
        26917
    ],
    [
        "jchiang-",
        38159
    ],
    [
        "jdavin",
        16836
    ],
    [
        "jecombe",
        29630
    ],
    [
        "jgiraude",
        14519
    ],
    [
        "jjourdai",
        21692
    ],
    [
        "jle-mene",
        11762
    ],
    [
        "jlobjois",
        21339
    ],
    [
        "jmbomeyo",
        44828
    ],
    [
        "jmeier",
        23677
    ],
    [
        "jochang",
        33515
    ],
    [
        "jplevy",
        17288
    ],
    [
        "jpriou",
        27119
    ],
    [
        "jquenel",
        26308
    ],
    [
        "jtahirov",
        25338
    ],
    [
        "jtashako",
        34712
    ],
    [
        "jtaylor",
        38751
    ],
    [
        "jterrazz",
        24364
    ],
    [
        "jtranchi",
        16579
    ],
    [
        "jtsai",
        32046
    ],
    [
        "juspende",
        25862
    ],
    [
        "jwalsh",
        21716
    ],
    [
        "jyakdi",
        21326
    ],
    [
        "jye",
        18859
    ],
    [
        "kbensado",
        14521
    ],
    [
        "kcosta",
        19978
    ],
    [
        "kdenisov",
        48197
    ],
    [
        "kevazoul",
        33409
    ],
    [
        "kmira",
        41978
    ],
    [
        "kradoste",
        33513
    ],
    [
        "kvignau",
        16363
    ],
    [
        "kykim",
        31809
    ],
    [
        "kyork",
        20927
    ],
    [
        "lbarthon",
        37189
    ],
    [
        "lbougero",
        15615
    ],
    [
        "ldedier",
        27442
    ],
    [
        "lfourque",
        11209
    ],
    [
        "lgarczyn",
        11460
    ],
    [
        "lgiacalo",
        19872
    ],
    [
        "ljoly",
        18964
    ],
    [
        "lkaser",
        24225
    ],
    [
        "lomeress",
        20100
    ],
    [
        "lreznak-",
        47151
    ],
    [
        "lsimon",
        19190
    ],
    [
        "lzhansha",
        48971
    ],
    [
        "magouin",
        15191
    ],
    [
        "marrodri",
        42061
    ],
    [
        "mdeville",
        25920
    ],
    [
        "mdugot",
        16658
    ],
    [
        "mfolsche",
        28948
    ],
    [
        "mfrias",
        47387
    ],
    [
        "mguerrea",
        37346
    ],
    [
        "mjacques",
        31799
    ],
    [
        "mkass",
        29238
    ],
    [
        "mmcarthu",
        36686
    ],
    [
        "mmoros",
        32388
    ],
    [
        "mnguyen",
        12453
    ],
    [
        "mpetruse",
        34550
    ],
    [
        "mpinson",
        20045
    ],
    [
        "mrajaona",
        19472
    ],
    [
        "mtan",
        24657
    ],
    [
        "mtaylor",
        36496
    ],
    [
        "mverdier",
        19860
    ],
    [
        "nboulaye",
        15199
    ],
    [
        "nbrucker",
        28934
    ],
    [
        "ndombre",
        18568
    ],
    [
        "ndudnicz",
        14716
    ],
    [
        "niragne",
        21774
    ],
    [
        "notraore",
        24326
    ],
    [
        "nsikora",
        27657
    ],
    [
        "nwhitlow",
        29241
    ],
    [
        "pabril",
        14618
    ],
    [
        "pguillie",
        20026
    ],
    [
        "psprawka",
        24680
    ],
    [
        "ravard",
        16451
    ],
    [
        "rdavid",
        10115
    ],
    [
        "rhallste",
        25022
    ],
    [
        "roster",
        42567
    ],
    [
        "rpapagna",
        44706
    ],
    [
        "rqueverd",
        18730
    ],
    [
        "rsharipo",
        32633
    ],
    [
        "rsilva",
        19787
    ],
    [
        "ryaoi",
        20133
    ],
    [
        "sbednar",
        43671
    ],
    [
        "semartin",
        12603
    ],
    [
        "sgardner",
        22897
    ],
    [
        "sgusache",
        46629
    ],
    [
        "sharris",
        34737
    ],
    [
        "shthevak",
        30959
    ],
    [
        "sjimenez",
        28832
    ],
    [
        "smbaabu",
        36489
    ],
    [
        "smonroe",
        32420
    ],
    [
        "spoole",
        32830
    ],
    [
        "srossi",
        26998
    ],
    [
        "svelhinh",
        14661
    ],
    [
        "svilau",
        17311
    ],
    [
        "syamada",
        35082
    ],
    [
        "tbehra",
        32971
    ],
    [
        "tferrari",
        20921
    ],
    [
        "tgros",
        11718
    ],
    [
        "tkatolik",
        44921
    ],
    [
        "tlovato",
        16105
    ],
    [
        "tmatthew",
        32431
    ],
    [
        "vdarmaya",
        19183
    ],
    [
        "vifonne",
        37315
    ],
    [
        "vischlum",
        30938
    ],
    [
        "vklaouse",
        14752
    ],
    [
        "vkostenk",
        32562
    ],
    [
        "vsteffen",
        14808
    ],
    [
        "vtonizzo",
        16440
    ],
    [
        "wta",
        37494
    ],
    [
        "xmoreau",
        29767
    ],
    [
        "yinzhang",
        46295
    ],
    [
        "zfaria",
        43902
    ],
    [
        "zweng",
        28553
    ]
]
tot_1 = 203
[
    "abassibe",
    "acauchy",
    "acazuc",
    "adacher",
    "adzikovs",
    "afeuerst",
    "alhelson",
    "amansour",
    "amerelo",
    "anjansse",
    "azaliaus",
    "banthony",
    "bbrunell",
    "bchanot",
    "bdurst",
    "bjanik",
    "blefeuvr",
    "bteissei",
    "cchameyr",
    "chaueur",
    "cledant",
    "cmaxime",
    "cpieri",
    "ctrouill",
    "curquiza",
    "cwu",
    "cyhuet",
    "dcooray",
    "dengstra",
    "dgameiro",
    "dlaurent",
    "ebenaiss",
    "emandret",
    "fbonhomm",
    "fdeclerc",
    "fdel-car",
    "fle-roy",
    "flevesqu",
    "florenzo",
    "fmaury",
    "fperruch",
    "fpetras",
    "gbradel",
    "gdelabro",
    "gficara",
    "ggranjon",
    "ggregoir",
    "gguichar",
    "glegendr",
    "gmonnier",
    "gpouyat",
    "hanguelk",
    "hben-yah",
    "hbouillo",
    "hdebard",
    "heynard",
    "hhabbak",
    "hjeannin",
    "hmoussa",
    "hshakula",
    "jbouille",
    "jcamhi",
    "jcao",
    "jcarra",
    "jchedal-",
    "jdavin",
    "jgiraude",
    "jjourdai",
    "jle-mene",
    "jlobjois",
    "jmbomeyo",
    "jplevy",
    "jpriou",
    "jquenel",
    "jterrazz",
    "jtranchi",
    "juspende",
    "jwalsh",
    "jyakdi",
    "jye",
    "kbensado",
    "kcosta",
    "kevazoul",
    "kvignau",
    "lbarthon",
    "lbougero",
    "ldedier",
    "lfourque",
    "lgarczyn",
    "lgiacalo",
    "ljoly",
    "lkaser",
    "lomeress",
    "lsimon",
    "magouin",
    "mdeville",
    "mdugot",
    "mfolsche",
    "mguerrea",
    "mnguyen",
    "mpinson",
    "mrajaona",
    "mverdier",
    "nboulaye",
    "nbrucker",
    "ndombre",
    "ndudnicz",
    "niragne",
    "notraore",
    "nsikora",
    "pabril",
    "pguillie",
    "ravard",
    "rdavid",
    "roster",
    "rqueverd",
    "ryaoi",
    "semartin",
    "sjimenez",
    "srossi",
    "svelhinh",
    "svilau",
    "tbehra",
    "tferrari",
    "tgros",
    "tlovato",
    "vdarmaya",
    "vifonne",
    "vklaouse",
    "vsteffen",
    "vtonizzo",
    "wta",
    "zweng"
]
tot_2 = 133
