python3 42api.py /v2/projects/984/projects_users /v2/campus/1/users > logs/old_md5.log
[
    [
        "3b3-24799",
        24799
    ],
    [
        "3b3-25197",
        25197
    ],
    [
        "3b3-27868",
        27868
    ],
    [
        "3b3-29377",
        29377
    ],
    [
        "3b3-30499",
        30499
    ],
    [
        "3b3-30802",
        30802
    ],
    [
        "3b3-31178",
        31178
    ],
    [
        "3b3-33794",
        33794
    ],
    [
        "aabdrakh",
        34523
    ],
    [
        "abilenko",
        23230
    ],
    [
        "abytko",
        27684
    ],
    [
        "acakste",
        33469
    ],
    [
        "acazuc",
        15638
    ],
    [
        "adacher",
        11070
    ],
    [
        "adayrabe",
        30549
    ],
    [
        "adzikovs",
        23185
    ],
    [
        "aezzeddi",
        23670
    ],
    [
        "afeuerst",
        20091
    ],
    [
        "agusev",
        47438
    ],
    [
        "ahonchar",
        29280
    ],
    [
        "akharrou",
        33479
    ],
    [
        "akikalia",
        36606
    ],
    [
        "akotilie",
        27677
    ],
    [
        "akupriia",
        30551
    ],
    [
        "ale-goff",
        33526
    ],
    [
        "alhelson",
        20169
    ],
    [
        "alischyn",
        22626
    ],
    [
        "alukyane",
        30512
    ],
    [
        "amalkevy",
        27675
    ],
    [
        "amansour",
        17284
    ],
    [
        "amatthys",
        29655
    ],
    [
        "amazurok",
        29284
    ],
    [
        "amerelo",
        12045
    ],
    [
        "amurakho",
        33603
    ],
    [
        "anesteru",
        30545
    ],
    [
        "angolubo",
        29299
    ],
    [
        "anjansse",
        36736
    ],
    [
        "aorji",
        27674
    ],
    [
        "apakhomo",
        30546
    ],
    [
        "apasos-g",
        44787
    ],
    [
        "apavlyuc",
        27664
    ],
    [
        "apetrech",
        35145
    ],
    [
        "apuel",
        30248
    ],
    [
        "aradiuk",
        23095
    ],
    [
        "arkim",
        46327
    ],
    [
        "aryabenk",
        29273
    ],
    [
        "asakhno",
        30539
    ],
    [
        "astepani",
        27716
    ],
    [
        "atverdok",
        22656
    ],
    [
        "averemiy",
        33584
    ],
    [
        "avykhova",
        27712
    ],
    [
        "awhite",
        32089
    ],
    [
        "awindham",
        36785
    ],
    [
        "azaliaus",
        33027
    ],
    [
        "banthony",
        15885
    ],
    [
        "bbrunell",
        16944
    ],
    [
        "bchanot",
        15591
    ],
    [
        "bdomansk",
        27730
    ],
    [
        "bdurst",
        12307
    ],
    [
        "bebeck",
        53757
    ],
    [
        "bjanik",
        20098
    ],
    [
        "blefeuvr",
        27012
    ],
    [
        "bmediany",
        29317
    ],
    [
        "bogoncha",
        46276
    ],
    [
        "bpace",
        36478
    ],
    [
        "bpierce",
        23679
    ],
    [
        "bvilla",
        36409
    ],
    [
        "callen",
        40857
    ],
    [
        "ccodiga",
        34872
    ],
    [
        "cdimitro",
        47197
    ],
    [
        "cepalle",
        29766
    ],
    [
        "cfranco",
        31154
    ],
    [
        "cgoolsby",
        32028
    ],
    [
        "chapark",
        35103
    ],
    [
        "chaueur",
        12209
    ],
    [
        "cledant",
        16453
    ],
    [
        "cmaxime",
        27087
    ],
    [
        "cpieri",
        27035
    ],
    [
        "csinglet",
        32547
    ],
    [
        "ctrouill",
        26073
    ],
    [
        "curquiza",
        20819
    ],
    [
        "cwu",
        32524
    ],
    [
        "daalexan",
        30563
    ],
    [
        "dcherend",
        33625
    ],
    [
        "dcooray",
        18573
    ],
    [
        "dengstra",
        24362
    ],
    [
        "dezzeddi",
        30217
    ],
    [
        "dfonarev",
        48040
    ],
    [
        "dgameiro",
        17215
    ],
    [
        "dkotov",
        23423
    ],
    [
        "dlaurent",
        27020
    ],
    [
        "dlim",
        35169
    ],
    [
        "dpyrozho",
        27743
    ],
    [
        "dromansk",
        35079
    ],
    [
        "dtimoshy",
        30586
    ],
    [
        "dtsyvin",
        29343
    ],
    [
        "dverbyts",
        22598
    ],
    [
        "dvoroshy",
        23073
    ],
    [
        "efriedma",
        31819
    ],
    [
        "eito-fis",
        25555
    ],
    [
        "elhampto",
        46424
    ],
    [
        "emamenko",
        46252
    ],
    [
        "emandret",
        21783
    ],
    [
        "fbonhomm",
        12323
    ],
    [
        "fdeclerc",
        21741
    ],
    [
        "fdel-car",
        15588
    ],
    [
        "feedme",
        32361
    ],
    [
        "fle-roy",
        28701
    ],
    [
        "flevesqu",
        14763
    ],
    [
        "fmaury",
        19063
    ],
    [
        "fperruch",
        11879
    ],
    [
        "gbradel",
        19178
    ],
    [
        "gdaniel",
        43356
    ],
    [
        "gfielder",
        44918
    ],
    [
        "ggregoir",
        19195
    ],
    [
        "gguichar",
        38062
    ],
    [
        "glegendr",
        27429
    ],
    [
        "gmonnier",
        27195
    ],
    [
        "gpouyat",
        18835
    ],
    [
        "gtertysh",
        23075
    ],
    [
        "hanguelk",
        20206
    ],
    [
        "harssing",
        35652
    ],
    [
        "hben-yah",
        33346
    ],
    [
        "hbhuiyan",
        41070
    ],
    [
        "hdebard",
        14912
    ],
    [
        "hderan",
        35047
    ],
    [
        "heynard",
        11627
    ],
    [
        "hhabbak",
        18652
    ],
    [
        "hirenpat",
        44449
    ],
    [
        "hjeannin",
        10167
    ],
    [
        "hmiyake",
        25310
    ],
    [
        "hmoussa",
        16485
    ],
    [
        "hnam",
        32380
    ],
    [
        "hshakula",
        22480
    ],
    [
        "hypark",
        35063
    ],
    [
        "ibotnaru",
        41385
    ],
    [
        "igaliuk",
        29356
    ],
    [
        "iganich",
        27799
    ],
    [
        "ikozlov",
        24435
    ],
    [
        "imaltsev",
        27804
    ],
    [
        "iprokofy",
        26667
    ],
    [
        "itiievsk",
        33637
    ],
    [
        "itsuman",
        22664
    ],
    [
        "jawatter",
        41381
    ],
    [
        "jbeall",
        35108
    ],
    [
        "jbouille",
        15501
    ],
    [
        "jcamhi",
        14949
    ],
    [
        "jcao",
        15854
    ],
    [
        "jcarra",
        19023
    ],
    [
        "jchedal-",
        26917
    ],
    [
        "jchiang-",
        38159
    ],
    [
        "jdavin",
        16836
    ],
    [
        "jecombe",
        29630
    ],
    [
        "jgelbard",
        32517
    ],
    [
        "jgiraude",
        14519
    ],
    [
        "jinpark",
        35178
    ],
    [
        "jjourdai",
        21692
    ],
    [
        "jkellehe",
        35215
    ],
    [
        "jkertgat",
        21122
    ],
    [
        "jle-mene",
        11762
    ],
    [
        "jlobjois",
        21339
    ],
    [
        "jmbomeyo",
        44828
    ],
    [
        "jmeier",
        23677
    ],
    [
        "jmocniak",
        31979
    ],
    [
        "jochang",
        33515
    ],
    [
        "jolam",
        35306
    ],
    [
        "jplevy",
        17288
    ],
    [
        "jpriou",
        27119
    ],
    [
        "jquenel",
        26308
    ],
    [
        "jtahirov",
        25338
    ],
    [
        "jtashako",
        34712
    ],
    [
        "jtaylor",
        38751
    ],
    [
        "jterrazz",
        24364
    ],
    [
        "jtranchi",
        16579
    ],
    [
        "jtsai",
        32046
    ],
    [
        "junpark",
        47691
    ],
    [
        "juspende",
        25862
    ],
    [
        "jwalsh",
        21716
    ],
    [
        "jyakdi",
        21326
    ],
    [
        "jye",
        18859
    ],
    [
        "kbensado",
        14521
    ],
    [
        "kblack",
        32088
    ],
    [
        "kbovt",
        22342
    ],
    [
        "kchen2",
        38173
    ],
    [
        "kcosta",
        19978
    ],
    [
        "kdenisov",
        48197
    ],
    [
        "kevazoul",
        33409
    ],
    [
        "kilkim",
        47148
    ],
    [
        "kkozlov",
        36380
    ],
    [
        "kmarchen",
        27819
    ],
    [
        "kmieshko",
        27829
    ],
    [
        "kmira",
        41978
    ],
    [
        "knguyen-",
        34788
    ],
    [
        "kradoste",
        33513
    ],
    [
        "kvignau",
        16363
    ],
    [
        "kykim",
        31809
    ],
    [
        "kyork",
        20927
    ],
    [
        "lbarthon",
        37189
    ],
    [
        "ldedier",
        27442
    ],
    [
        "lfourque",
        11209
    ],
    [
        "lgarczyn",
        11460
    ],
    [
        "ljoly",
        18964
    ],
    [
        "lkaser",
        24225
    ],
    [
        "lmalaya",
        30644
    ],
    [
        "lmatvien",
        33665
    ],
    [
        "lolee",
        52363
    ],
    [
        "lomeress",
        20100
    ],
    [
        "lreznak-",
        47151
    ],
    [
        "lsimon",
        19190
    ],
    [
        "lzhansha",
        48971
    ],
    [
        "magouin",
        15191
    ],
    [
        "majones",
        33857
    ],
    [
        "marrodri",
        42061
    ],
    [
        "mboulara",
        45063
    ],
    [
        "mbraslav",
        22343
    ],
    [
        "mbutt",
        44003
    ],
    [
        "mdeville",
        25920
    ],
    [
        "mdmytro",
        30660
    ],
    [
        "mdugot",
        16658
    ],
    [
        "mfolsche",
        28948
    ],
    [
        "mfrias",
        47387
    ],
    [
        "mgayduk",
        29397
    ],
    [
        "mirivera",
        46292
    ],
    [
        "mjacques",
        31799
    ],
    [
        "mkass",
        29238
    ],
    [
        "mkrutik",
        22407
    ],
    [
        "mmalanch",
        30678
    ],
    [
        "mmcarthu",
        36686
    ],
    [
        "mmoros",
        32388
    ],
    [
        "mnguyen",
        12453
    ],
    [
        "mpetruse",
        34550
    ],
    [
        "mpinson",
        20045
    ],
    [
        "mponomar",
        22452
    ],
    [
        "mprevot",
        12490
    ],
    [
        "mrajaona",
        19472
    ],
    [
        "mstratu",
        48039
    ],
    [
        "mstupnik",
        59964
    ],
    [
        "mtan",
        24657
    ],
    [
        "mtaylor",
        36496
    ],
    [
        "mverdier",
        19860
    ],
    [
        "nboulaye",
        15199
    ],
    [
        "nbrucker",
        28934
    ],
    [
        "ndombre",
        18568
    ],
    [
        "ndudnicz",
        14716
    ],
    [
        "niragne",
        21774
    ],
    [
        "nnaumenk",
        33700
    ],
    [
        "nolakim",
        46304
    ],
    [
        "notraore",
        24326
    ],
    [
        "nsikora",
        27657
    ],
    [
        "nwhitlow",
        29241
    ],
    [
        "obamzuro",
        33705
    ],
    [
        "obibik",
        35886
    ],
    [
        "ollevyts",
        30703
    ],
    [
        "oltkache",
        30730
    ],
    [
        "omakovsk",
        30715
    ],
    [
        "opakhovs",
        27887
    ],
    [
        "opanchen",
        22573
    ],
    [
        "opavliuk",
        33720
    ],
    [
        "oposhiva",
        22455
    ],
    [
        "otahirov",
        35042
    ],
    [
        "otiniako",
        33713
    ],
    [
        "pabril",
        14618
    ],
    [
        "pheilbro",
        47789
    ],
    [
        "pisophy",
        42148
    ],
    [
        "prippa",
        30732
    ],
    [
        "psprawka",
        24680
    ],
    [
        "ravard",
        16451
    ],
    [
        "rcross",
        36459
    ],
    [
        "rdavid",
        10115
    ],
    [
        "rflorenc",
        31153
    ],
    [
        "rhallste",
        25022
    ],
    [
        "rhusak",
        27941
    ],
    [
        "rpapagna",
        44706
    ],
    [
        "rqueverd",
        18730
    ],
    [
        "rreedy",
        32379
    ],
    [
        "rsharipo",
        32633
    ],
    [
        "rsilva",
        19787
    ],
    [
        "rtulchiy",
        27939
    ],
    [
        "ryaoi",
        20133
    ],
    [
        "sako",
        53111
    ],
    [
        "sapark",
        51937
    ],
    [
        "semartin",
        12603
    ],
    [
        "sgardner",
        22897
    ],
    [
        "sgusache",
        46629
    ],
    [
        "sharris",
        34737
    ],
    [
        "shguan",
        55280
    ],
    [
        "shthevak",
        30959
    ],
    [
        "sjimenez",
        28832
    ],
    [
        "sko",
        52359
    ],
    [
        "smaddox",
        48277
    ],
    [
        "smbaabu",
        36489
    ],
    [
        "smonroe",
        32420
    ],
    [
        "spoole",
        32830
    ],
    [
        "sprotsen",
        22717
    ],
    [
        "spushkin",
        34568
    ],
    [
        "sromanet",
        22469
    ],
    [
        "ssavchen",
        29475
    ],
    [
        "ssnelgro",
        32398
    ],
    [
        "stanaka",
        36543
    ],
    [
        "stestein",
        32531
    ],
    [
        "svelhinh",
        14661
    ],
    [
        "svilau",
        17311
    ],
    [
        "syamada",
        35082
    ],
    [
        "szverhov",
        27960
    ],
    [
        "tbehra",
        32971
    ],
    [
        "tcho",
        36247
    ],
    [
        "tdiaz",
        33500
    ],
    [
        "tferrari",
        20921
    ],
    [
        "tgros",
        11718
    ],
    [
        "tholzheu",
        35067
    ],
    [
        "tingo",
        25175
    ],
    [
        "tkatolik",
        44921
    ],
    [
        "tkiselev",
        33751
    ],
    [
        "tkuhar",
        33753
    ],
    [
        "tlovato",
        16105
    ],
    [
        "tmatthew",
        32431
    ],
    [
        "tvandivi",
        45901
    ],
    [
        "vchornyi",
        30822
    ],
    [
        "vdarmaya",
        19183
    ],
    [
        "vdenysov",
        30815
    ],
    [
        "vdruzenk",
        30800
    ],
    [
        "vdubinki",
        30779
    ],
    [
        "vdzhanaz",
        30784
    ],
    [
        "vfil",
        28003
    ],
    [
        "vgladush",
        30834
    ],
    [
        "vgnylyan",
        30792
    ],
    [
        "vifonne",
        37315
    ],
    [
        "vischlum",
        30938
    ],
    [
        "vkaidans",
        33788
    ],
    [
        "vklaouse",
        14752
    ],
    [
        "vkostenk",
        32562
    ],
    [
        "vkovsh",
        30791
    ],
    [
        "vkryvono",
        29486
    ],
    [
        "vkuksa",
        29514
    ],
    [
        "vlikhotk",
        30796
    ],
    [
        "vlvereta",
        28004
    ],
    [
        "vlykhodi",
        30817
    ],
    [
        "vmartynu",
        28017
    ],
    [
        "vsteffen",
        14808
    ],
    [
        "vtarasiu",
        33779
    ],
    [
        "vtonizzo",
        16440
    ],
    [
        "vvysotsk",
        30832
    ],
    [
        "vzomber",
        29518
    ],
    [
        "wawong",
        33470
    ],
    [
        "xmoreau",
        29767
    ],
    [
        "yijhuang",
        32865
    ],
    [
        "yinzhang",
        46295
    ],
    [
        "ykolomie",
        23175
    ],
    [
        "ysamchuk",
        33797
    ],
    [
        "yserkez",
        35994
    ],
    [
        "ysihetii",
        29526
    ],
    [
        "ystasiv",
        33792
    ],
    [
        "ysushkov",
        33806
    ],
    [
        "yyatsenk",
        28023
    ],
    [
        "yzavhoro",
        33801
    ],
    [
        "zfaria",
        43902
    ],
    [
        "zweng",
        28553
    ]
]
tot_1 = 357
[
    "acazuc",
    "adacher",
    "adzikovs",
    "afeuerst",
    "alhelson",
    "amalkevy",
    "amansour",
    "amerelo",
    "anjansse",
    "azaliaus",
    "banthony",
    "bbrunell",
    "bchanot",
    "bdurst",
    "bjanik",
    "blefeuvr",
    "chaueur",
    "cledant",
    "cmaxime",
    "cpieri",
    "ctrouill",
    "curquiza",
    "cwu",
    "dcooray",
    "dengstra",
    "dgameiro",
    "dlaurent",
    "emandret",
    "fbonhomm",
    "fdeclerc",
    "fdel-car",
    "fle-roy",
    "flevesqu",
    "fmaury",
    "fperruch",
    "gbradel",
    "ggregoir",
    "gguichar",
    "glegendr",
    "gmonnier",
    "gpouyat",
    "hanguelk",
    "hben-yah",
    "hdebard",
    "heynard",
    "hhabbak",
    "hjeannin",
    "hmoussa",
    "hnam",
    "hshakula",
    "jbouille",
    "jcamhi",
    "jcao",
    "jcarra",
    "jchedal-",
    "jdavin",
    "jgiraude",
    "jinpark",
    "jjourdai",
    "jle-mene",
    "jlobjois",
    "jmbomeyo",
    "jplevy",
    "jpriou",
    "jquenel",
    "jterrazz",
    "jtranchi",
    "juspende",
    "jwalsh",
    "jyakdi",
    "jye",
    "kbensado",
    "kcosta",
    "kevazoul",
    "kvignau",
    "lbarthon",
    "ldedier",
    "lfourque",
    "lgarczyn",
    "ljoly",
    "lkaser",
    "lomeress",
    "lsimon",
    "magouin",
    "mdeville",
    "mdugot",
    "mfolsche",
    "mnguyen",
    "mpinson",
    "mprevot",
    "mrajaona",
    "mverdier",
    "nboulaye",
    "nbrucker",
    "ndombre",
    "ndudnicz",
    "niragne",
    "notraore",
    "nsikora",
    "pabril",
    "ravard",
    "rdavid",
    "rqueverd",
    "ryaoi",
    "sapark",
    "semartin",
    "sjimenez",
    "svelhinh",
    "svilau",
    "tbehra",
    "tferrari",
    "tgros",
    "tlovato",
    "vdarmaya",
    "vifonne",
    "vklaouse",
    "vsteffen",
    "vtonizzo",
    "zweng"
]
tot_2 = 119
