python3 42api.py /v2/projects/1452/projects_users /v2/campus/1/users > logs/new_des.log
[
    [
        "aezzeddi",
        23670
    ],
    [
        "amansour",
        17284
    ],
    [
        "apuel",
        30248
    ],
    [
        "asarandi",
        23052
    ],
    [
        "banthony",
        15885
    ],
    [
        "bbrunell",
        16944
    ],
    [
        "bjanik",
        20098
    ],
    [
        "bpierce",
        23679
    ],
    [
        "dgameiro",
        17215
    ],
    [
        "dromansk",
        35079
    ],
    [
        "efriedma",
        31819
    ],
    [
        "fbonhomm",
        12323
    ],
    [
        "fle-roy",
        28701
    ],
    [
        "fperruch",
        11879
    ],
    [
        "glegendr",
        27429
    ],
    [
        "hben-yah",
        33346
    ],
    [
        "hhabbak",
        18652
    ],
    [
        "hypark",
        35063
    ],
    [
        "jchiang-",
        38159
    ],
    [
        "jchow",
        24677
    ],
    [
        "jjourdai",
        21692
    ],
    [
        "jmeier",
        23677
    ],
    [
        "jpriou",
        27119
    ],
    [
        "jtahirov",
        25338
    ],
    [
        "jtranchi",
        16579
    ],
    [
        "kvignau",
        16363
    ],
    [
        "lreznak-",
        47151
    ],
    [
        "mdugot",
        16658
    ],
    [
        "mnguyen",
        12453
    ],
    [
        "mtaylor",
        36496
    ],
    [
        "nboulaye",
        15199
    ],
    [
        "ravard",
        16451
    ],
    [
        "rhallste",
        25022
    ],
    [
        "rsharipo",
        32633
    ],
    [
        "semartin",
        12603
    ],
    [
        "tmatthew",
        32431
    ],
    [
        "vtonizzo",
        16440
    ]
]
tot_1 = 37
[
    "amansour",
    "banthony",
    "bbrunell",
    "bjanik",
    "dgameiro",
    "fbonhomm",
    "fle-roy",
    "fperruch",
    "glegendr",
    "hben-yah",
    "hhabbak",
    "jjourdai",
    "jpriou",
    "jtranchi",
    "kvignau",
    "mdugot",
    "mnguyen",
    "nboulaye",
    "ravard",
    "semartin",
    "vtonizzo"
]
tot_2 = 21
