python3 42api.py /v2/projects/985/projects_users /v2/campus/1/users > logs/old_des.log
[
    [
        "3b3-24799",
        24799
    ],
    [
        "3b3-30215",
        30215
    ],
    [
        "3b3-30259",
        30259
    ],
    [
        "3b3-30802",
        30802
    ],
    [
        "abodnar",
        27693
    ],
    [
        "adayrabe",
        30549
    ],
    [
        "aezzeddi",
        23670
    ],
    [
        "amansour",
        17284
    ],
    [
        "apakhomo",
        30546
    ],
    [
        "apuel",
        30248
    ],
    [
        "asarandi",
        23052
    ],
    [
        "banthony",
        15885
    ],
    [
        "bbrunell",
        16944
    ],
    [
        "bjanik",
        20098
    ],
    [
        "bokyiv",
        22560
    ],
    [
        "bpierce",
        23679
    ],
    [
        "ddenkin",
        27748
    ],
    [
        "dgameiro",
        17215
    ],
    [
        "dromansk",
        35079
    ],
    [
        "dvoroshy",
        23073
    ],
    [
        "efriedma",
        31819
    ],
    [
        "eito-fis",
        25555
    ],
    [
        "fbonhomm",
        12323
    ],
    [
        "fle-roy",
        28701
    ],
    [
        "fperruch",
        11879
    ],
    [
        "glegendr",
        27429
    ],
    [
        "gtertysh",
        23075
    ],
    [
        "gvynogra",
        27784
    ],
    [
        "hhabbak",
        18652
    ],
    [
        "hirenpat",
        44449
    ],
    [
        "hypark",
        35063
    ],
    [
        "iganich",
        27799
    ],
    [
        "iprokofy",
        26667
    ],
    [
        "irhett",
        21061
    ],
    [
        "jchiang-",
        38159
    ],
    [
        "jchow",
        24677
    ],
    [
        "jjourdai",
        21692
    ],
    [
        "jkellehe",
        35215
    ],
    [
        "jmeier",
        23677
    ],
    [
        "jpriou",
        27119
    ],
    [
        "jtahirov",
        25338
    ],
    [
        "jtranchi",
        16579
    ],
    [
        "kvignau",
        16363
    ],
    [
        "lburlach",
        29392
    ],
    [
        "lreznak-",
        47151
    ],
    [
        "mdugot",
        16658
    ],
    [
        "mkrutik",
        22407
    ],
    [
        "mnguyen",
        12453
    ],
    [
        "msemenov",
        29400
    ],
    [
        "mtaylor",
        36496
    ],
    [
        "nboulaye",
        15199
    ],
    [
        "nkolosov",
        29418
    ],
    [
        "nmei",
        26800
    ],
    [
        "nnaumenk",
        33700
    ],
    [
        "oltkache",
        30730
    ],
    [
        "omakovsk",
        30715
    ],
    [
        "ptyshevs",
        29457
    ],
    [
        "ravard",
        16451
    ],
    [
        "rflorenc",
        31153
    ],
    [
        "rhallste",
        25022
    ],
    [
        "rkhilenk",
        29459
    ],
    [
        "rkyslyy",
        29460
    ],
    [
        "rsharipo",
        32633
    ],
    [
        "rtarasen",
        27935
    ],
    [
        "semartin",
        12603
    ],
    [
        "tmatthew",
        32431
    ],
    [
        "vbrazas",
        27991
    ],
    [
        "vdenysov",
        30815
    ],
    [
        "vgnylyan",
        30792
    ],
    [
        "vlikhotk",
        30796
    ],
    [
        "vpaladii",
        30818
    ],
    [
        "vrybalko",
        22699
    ],
    [
        "vtonizzo",
        16440
    ],
    [
        "ydzhuryn",
        28025
    ],
    [
        "ykolomie",
        23175
    ]
]
tot_1 = 75
[
    "amansour",
    "banthony",
    "bbrunell",
    "bjanik",
    "dgameiro",
    "fbonhomm",
    "fle-roy",
    "fperruch",
    "glegendr",
    "hhabbak",
    "jjourdai",
    "jpriou",
    "jtranchi",
    "kvignau",
    "mdugot",
    "mnguyen",
    "nboulaye",
    "ravard",
    "semartin",
    "vtonizzo"
]
tot_2 = 20
